<?xml version="1.0" encoding="UTF-8" standalone="yes"?><!DOCTYPE report PUBLIC "-//JACOCO//DTD Report 1.0//EN" "report.dtd"><report name="fitnesse-maven-runner-plugin"><sessioninfo id="testing-worker-linux-docker-8f288676-3208-linux-8-d674f2d4" start="1445948499093" dump="1445948507178"/><package name="com/github/andreptb/fitnessemavenrunner"><class name="com/github/andreptb/fitnessemavenrunner/FitnesseRunnerMojo"><method name="&lt;init&gt;" desc="()V" line="53"><counter type="INSTRUCTION" missed="0" covered="3"/><counter type="LINE" missed="0" covered="1"/><counter type="COMPLEXITY" missed="0" covered="1"/><counter type="METHOD" missed="0" covered="1"/></method><method name="execute" desc="()V" line="140"><counter type="INSTRUCTION" missed="0" covered="10"/><counter type="LINE" missed="0" covered="3"/><counter type="COMPLEXITY" missed="0" covered="1"/><counter type="METHOD" missed="0" covered="1"/></method><method name="configuration" desc="(Ljava/util/Collection;)Lfitnesse/ContextConfigurator;" line="145"><counter type="INSTRUCTION" missed="0" covered="64"/><counter type="LINE" missed="0" covered="12"/><counter type="COMPLEXITY" missed="0" covered="1"/><counter type="METHOD" missed="0" covered="1"/></method><method name="exposeMavenProperties" desc="(Lfitnesse/ContextConfigurator;)V" line="161"><counter type="INSTRUCTION" missed="0" covered="18"/><counter type="LINE" missed="0" covered="4"/><counter type="COMPLEXITY" missed="0" covered="1"/><counter type="METHOD" missed="0" covered="1"/></method><method name="withParameter" desc="(Lfitnesse/ContextConfigurator;Ljava/lang/Object;Ljava/lang/Object;)V" line="167"><counter type="INSTRUCTION" missed="0" covered="40"/><counter type="BRANCH" missed="0" covered="4"/><counter type="LINE" missed="0" covered="8"/><counter type="COMPLEXITY" missed="0" covered="3"/><counter type="METHOD" missed="0" covered="1"/></method><method name="determineRootPath" desc="()Ljava/lang/String;" line="180"><counter type="INSTRUCTION" missed="23" covered="24"/><counter type="BRANCH" missed="1" covered="1"/><counter type="LINE" missed="4" covered="4"/><counter type="COMPLEXITY" missed="1" covered="1"/><counter type="METHOD" missed="0" covered="1"/></method><method name="determinePort" desc="()I" line="194"><counter type="INSTRUCTION" missed="0" covered="12"/><counter type="LINE" missed="0" covered="1"/><counter type="COMPLEXITY" missed="0" covered="1"/><counter type="METHOD" missed="0" covered="1"/></method><method name="determinePort" desc="(Ljava/lang/Integer;)I" line="198"><counter type="INSTRUCTION" missed="52" covered="23"/><counter type="BRANCH" missed="7" covered="3"/><counter type="LINE" missed="2" covered="4"/><counter type="COMPLEXITY" missed="5" covered="1"/><counter type="METHOD" missed="0" covered="1"/></method><method name="determineClasspath" desc="()Ljava/util/Collection;" line="209"><counter type="INSTRUCTION" missed="34" covered="29"/><counter type="BRANCH" missed="1" covered="1"/><counter type="LINE" missed="3" covered="6"/><counter type="COMPLEXITY" missed="1" covered="1"/><counter type="METHOD" missed="0" covered="1"/></method><method name="collectFileFromArtifacts" desc="(Ljava/util/Map;Ljava/util/Collection;)V" line="222"><counter type="INSTRUCTION" missed="0" covered="7"/><counter type="LINE" missed="0" covered="2"/><counter type="COMPLEXITY" missed="0" covered="1"/><counter type="METHOD" missed="0" covered="1"/></method><method name="execute" desc="(Lfitnesse/ContextConfigurator;Ljava/util/Collection;)V" line="236"><counter type="INSTRUCTION" missed="32" covered="59"/><counter type="BRANCH" missed="2" covered="4"/><counter type="LINE" missed="5" covered="13"/><counter type="COMPLEXITY" missed="2" covered="2"/><counter type="METHOD" missed="0" covered="1"/></method><method name="lambda$execute$5" desc="(Ljava/util/Collection;Ljava/lang/Thread;)Z" line="248"><counter type="INSTRUCTION" missed="8" covered="0"/><counter type="BRANCH" missed="2" covered="0"/><counter type="LINE" missed="1" covered="0"/><counter type="COMPLEXITY" missed="2" covered="0"/><counter type="METHOD" missed="1" covered="0"/></method><method name="lambda$collectFileFromArtifacts$4" desc="(Ljava/util/Map;Lorg/apache/maven/artifact/Artifact;)V" line="223"><counter type="INSTRUCTION" missed="22" covered="34"/><counter type="BRANCH" missed="3" covered="1"/><counter type="LINE" missed="2" covered="6"/><counter type="COMPLEXITY" missed="2" covered="1"/><counter type="METHOD" missed="0" covered="1"/></method><method name="lambda$determineClasspath$3" desc="(Lorg/apache/commons/lang3/tuple/Pair;)Ljava/lang/String;" line="217"><counter type="INSTRUCTION" missed="0" covered="4"/><counter type="LINE" missed="0" covered="1"/><counter type="COMPLEXITY" missed="0" covered="1"/><counter type="METHOD" missed="0" covered="1"/></method><method name="lambda$determineRootPath$2" desc="(Ljava/nio/file/Path;)Z" line="185"><counter type="INSTRUCTION" missed="0" covered="13"/><counter type="BRANCH" missed="1" covered="3"/><counter type="LINE" missed="0" covered="1"/><counter type="COMPLEXITY" missed="1" covered="2"/><counter type="METHOD" missed="0" covered="1"/></method><method name="lambda$exposeMavenProperties$1" desc="(Lfitnesse/ContextConfigurator;Ljava/lang/Object;Ljava/lang/Object;)V" line="163"><counter type="INSTRUCTION" missed="6" covered="0"/><counter type="LINE" missed="1" covered="0"/><counter type="COMPLEXITY" missed="1" covered="0"/><counter type="METHOD" missed="1" covered="0"/></method><method name="lambda$exposeMavenProperties$0" desc="(Lfitnesse/ContextConfigurator;Ljava/lang/Object;Ljava/lang/Object;)V" line="161"><counter type="INSTRUCTION" missed="6" covered="0"/><counter type="LINE" missed="1" covered="0"/><counter type="COMPLEXITY" missed="1" covered="0"/><counter type="METHOD" missed="1" covered="0"/></method><method name="&lt;clinit&gt;" desc="()V" line="58"><counter type="INSTRUCTION" missed="0" covered="7"/><counter type="LINE" missed="0" covered="1"/><counter type="COMPLEXITY" missed="0" covered="1"/><counter type="METHOD" missed="0" covered="1"/></method><counter type="INSTRUCTION" missed="183" covered="347"/><counter type="BRANCH" missed="17" covered="17"/><counter type="LINE" missed="16" covered="65"/><counter type="COMPLEXITY" missed="16" covered="19"/><counter type="METHOD" missed="3" covered="15"/><counter type="CLASS" missed="0" covered="1"/></class><sourcefile name="FitnesseRunnerMojo.java"><line nr="53" mi="0" ci="3" mb="0" cb="0"/><line nr="58" mi="0" ci="7" mb="0" cb="0"/><line nr="140" mi="0" ci="3" mb="0" cb="0"/><line nr="141" mi="0" ci="6" mb="0" cb="0"/><line nr="142" mi="0" ci="1" mb="0" cb="0"/><line nr="145" mi="0" ci="2" mb="0" cb="0"/><line nr="146" mi="0" ci="6" mb="0" cb="0"/><line nr="147" mi="0" ci="6" mb="0" cb="0"/><line nr="148" mi="0" ci="6" mb="0" cb="0"/><line nr="149" mi="0" ci="6" mb="0" cb="0"/><line nr="150" mi="0" ci="6" mb="0" cb="0"/><line nr="151" mi="0" ci="7" mb="0" cb="0"/><line nr="152" mi="0" ci="8" mb="0" cb="0"/><line nr="153" mi="0" ci="6" mb="0" cb="0"/><line nr="154" mi="0" ci="3" mb="0" cb="0"/><line nr="156" mi="0" ci="6" mb="0" cb="0"/><line nr="157" mi="0" ci="2" mb="0" cb="0"/><line nr="161" mi="6" ci="4" mb="0" cb="0"/><line nr="162" mi="0" ci="6" mb="0" cb="0"/><line nr="163" mi="6" ci="7" mb="0" cb="0"/><line nr="164" mi="0" ci="1" mb="0" cb="0"/><line nr="167" mi="0" ci="4" mb="0" cb="0"/><line nr="168" mi="0" ci="3" mb="0" cb="2"/><line nr="169" mi="0" ci="1" mb="0" cb="0"/><line nr="171" mi="0" ci="3" mb="0" cb="2"/><line nr="172" mi="0" ci="7" mb="0" cb="0"/><line nr="174" mi="0" ci="6" mb="0" cb="0"/><line nr="176" mi="0" ci="15" mb="0" cb="0"/><line nr="177" mi="0" ci="1" mb="0" cb="0"/><line nr="180" mi="0" ci="4" mb="1" cb="1"/><line nr="181" mi="8" ci="0" mb="0" cb="0"/><line nr="183" mi="0" ci="5" mb="0" cb="0"/><line nr="185" mi="0" ci="21" mb="1" cb="3"/><line nr="186" mi="0" ci="7" mb="0" cb="0"/><line nr="187" mi="1" ci="0" mb="0" cb="0"/><line nr="188" mi="12" ci="0" mb="0" cb="0"/><line nr="190" mi="2" ci="0" mb="0" cb="0"/><line nr="194" mi="0" ci="12" mb="0" cb="0"/><line nr="198" mi="0" ci="4" mb="1" cb="1"/><line nr="199" mi="12" ci="0" mb="0" cb="0"/><line nr="201" mi="5" ci="8" mb="0" cb="0"/><line nr="202" mi="0" ci="3" mb="0" cb="0"/><line nr="203" mi="26" ci="8" mb="6" cb="2"/><line nr="204" mi="9" ci="0" mb="0" cb="0"/><line nr="209" mi="0" ci="4" mb="0" cb="0"/><line nr="210" mi="0" ci="5" mb="0" cb="0"/><line nr="211" mi="0" ci="4" mb="0" cb="0"/><line nr="212" mi="0" ci="3" mb="1" cb="1"/><line nr="213" mi="6" ci="0" mb="0" cb="0"/><line nr="214" mi="14" ci="0" mb="0" cb="0"/><line nr="215" mi="14" ci="0" mb="0" cb="0"/><line nr="217" mi="0" ci="15" mb="0" cb="0"/><line nr="218" mi="0" ci="2" mb="0" cb="0"/><line nr="222" mi="0" ci="6" mb="0" cb="0"/><line nr="223" mi="0" ci="15" mb="0" cb="0"/><line nr="224" mi="0" ci="5" mb="0" cb="0"/><line nr="226" mi="9" ci="2" mb="3" cb="1"/><line nr="227" mi="0" ci="10" mb="0" cb="0"/><line nr="229" mi="1" ci="0" mb="0" cb="0"/><line nr="230" mi="12" ci="0" mb="0" cb="0"/><line nr="231" mi="0" ci="1" mb="0" cb="0"/><line nr="232" mi="0" ci="1" mb="0" cb="0"/><line nr="233" mi="0" ci="1" mb="0" cb="0"/><line nr="236" mi="0" ci="2" mb="0" cb="0"/><line nr="238" mi="0" ci="6" mb="0" cb="0"/><line nr="239" mi="0" ci="4" mb="0" cb="0"/><line nr="240" mi="0" ci="2" mb="0" cb="0"/><line nr="241" mi="0" ci="10" mb="0" cb="2"/><line nr="242" mi="0" ci="10" mb="0" cb="0"/><line nr="243" mi="0" ci="1" mb="0" cb="0"/><line nr="244" mi="0" ci="9" mb="0" cb="0"/><line nr="245" mi="0" ci="6" mb="0" cb="0"/><line nr="247" mi="0" ci="2" mb="1" cb="1"/><line nr="248" mi="18" ci="0" mb="2" cb="0"/><line nr="249" mi="1" ci="0" mb="0" cb="0"/><line nr="251" mi="1" ci="0" mb="0" cb="0"/><line nr="252" mi="8" ci="0" mb="0" cb="0"/><line nr="253" mi="0" ci="1" mb="0" cb="0"/><line nr="254" mi="0" ci="5" mb="1" cb="1"/><line nr="255" mi="12" ci="0" mb="0" cb="0"/><line nr="257" mi="0" ci="1" mb="0" cb="0"/><counter type="INSTRUCTION" missed="183" covered="347"/><counter type="BRANCH" missed="17" covered="17"/><counter type="LINE" missed="16" covered="65"/><counter type="COMPLEXITY" missed="16" covered="19"/><counter type="METHOD" missed="3" covered="15"/><counter type="CLASS" missed="0" covered="1"/></sourcefile><counter type="INSTRUCTION" missed="183" covered="347"/><counter type="BRANCH" missed="17" covered="17"/><counter type="LINE" missed="16" covered="65"/><counter type="COMPLEXITY" missed="16" covered="19"/><counter type="METHOD" missed="3" covered="15"/><counter type="CLASS" missed="0" covered="1"/></package><counter type="INSTRUCTION" missed="183" covered="347"/><counter type="BRANCH" missed="17" covered="17"/><counter type="LINE" missed="16" covered="65"/><counter type="COMPLEXITY" missed="16" covered="19"/><counter type="METHOD" missed="3" covered="15"/><counter type="CLASS" missed="0" covered="1"/></report>